Defaulting to user installation because normal site-packages is not writeable
Requirement already satisfied: pip in /appl/python/3.7.11/lib/python3.7/site-packages (21.1)
Collecting pip
  Using cached pip-22.1.2-py3-none-any.whl (2.1 MB)
Installing collected packages: pip
Successfully installed pip-22.1.2
Defaulting to user installation because normal site-packages is not writeable
Requirement already satisfied: networkx in /zhome/4c/8/164840/.local/lib/python3.7/site-packages (2.6.3)
Requirement already satisfied: matplotlib in /zhome/4c/8/164840/.local/lib/python3.7/site-packages (3.5.1)
Requirement already satisfied: cycler>=0.10 in /zhome/4c/8/164840/.local/lib/python3.7/site-packages (from matplotlib) (0.11.0)
Requirement already satisfied: pillow>=6.2.0 in /zhome/4c/8/164840/.local/lib/python3.7/site-packages (from matplotlib) (9.1.0)
Requirement already satisfied: packaging>=20.0 in /zhome/4c/8/164840/.local/lib/python3.7/site-packages (from matplotlib) (21.3)
Requirement already satisfied: pyparsing>=2.2.1 in /zhome/4c/8/164840/.local/lib/python3.7/site-packages (from matplotlib) (3.0.8)
Requirement already satisfied: fonttools>=4.22.0 in /zhome/4c/8/164840/.local/lib/python3.7/site-packages (from matplotlib) (4.33.3)
Requirement already satisfied: python-dateutil>=2.7 in /appl/pandas/1.3.1-numpy-1.21.1-python-3.7.11/lib/python3.7/site-packages/python_dateutil-2.8.2-py3.7.egg (from matplotlib) (2.8.2)
Requirement already satisfied: numpy>=1.17 in /appl/numpy/1.21.1-python-3.7.11-openblas-0.3.17/lib/python3.7/site-packages/numpy-1.21.1-py3.7-linux-x86_64.egg (from matplotlib) (1.21.1)
Requirement already satisfied: kiwisolver>=1.0.1 in /zhome/4c/8/164840/.local/lib/python3.7/site-packages (from matplotlib) (1.4.2)
Requirement already satisfied: typing-extensions in /appl/python/3.7.11/lib/python3.7/site-packages (from kiwisolver>=1.0.1->matplotlib) (3.10.0.0)
Requirement already satisfied: six>=1.5 in /appl/python/3.7.11/lib/python3.7/site-packages (from python-dateutil>=2.7->matplotlib) (1.16.0)
Defaulting to user installation because normal site-packages is not writeable
Requirement already satisfied: seaborn in /zhome/4c/8/164840/.local/lib/python3.7/site-packages (0.11.2)
Requirement already satisfied: numpy>=1.15 in /appl/numpy/1.21.1-python-3.7.11-openblas-0.3.17/lib/python3.7/site-packages/numpy-1.21.1-py3.7-linux-x86_64.egg (from seaborn) (1.21.1)
Requirement already satisfied: matplotlib>=2.2 in /zhome/4c/8/164840/.local/lib/python3.7/site-packages (from seaborn) (3.5.1)
Requirement already satisfied: pandas>=0.23 in /appl/pandas/1.3.1-numpy-1.21.1-python-3.7.11/lib/python3.7/site-packages/pandas-1.3.1-py3.7-linux-x86_64.egg (from seaborn) (1.3.1)
Requirement already satisfied: scipy>=1.0 in /zhome/4c/8/164840/.local/lib/python3.7/site-packages (from seaborn) (1.7.3)
Requirement already satisfied: packaging>=20.0 in /zhome/4c/8/164840/.local/lib/python3.7/site-packages (from matplotlib>=2.2->seaborn) (21.3)
Requirement already satisfied: fonttools>=4.22.0 in /zhome/4c/8/164840/.local/lib/python3.7/site-packages (from matplotlib>=2.2->seaborn) (4.33.3)
Requirement already satisfied: pillow>=6.2.0 in /zhome/4c/8/164840/.local/lib/python3.7/site-packages (from matplotlib>=2.2->seaborn) (9.1.0)
Requirement already satisfied: pyparsing>=2.2.1 in /zhome/4c/8/164840/.local/lib/python3.7/site-packages (from matplotlib>=2.2->seaborn) (3.0.8)
Requirement already satisfied: cycler>=0.10 in /zhome/4c/8/164840/.local/lib/python3.7/site-packages (from matplotlib>=2.2->seaborn) (0.11.0)
Requirement already satisfied: python-dateutil>=2.7 in /appl/pandas/1.3.1-numpy-1.21.1-python-3.7.11/lib/python3.7/site-packages/python_dateutil-2.8.2-py3.7.egg (from matplotlib>=2.2->seaborn) (2.8.2)
Requirement already satisfied: kiwisolver>=1.0.1 in /zhome/4c/8/164840/.local/lib/python3.7/site-packages (from matplotlib>=2.2->seaborn) (1.4.2)
Requirement already satisfied: typing-extensions in /appl/python/3.7.11/lib/python3.7/site-packages (from kiwisolver>=1.0.1->matplotlib>=2.2->seaborn) (3.10.0.0)
Requirement already satisfied: pytz>=2017.3 in /appl/pandas/1.3.1-numpy-1.21.1-python-3.7.11/lib/python3.7/site-packages/pytz-2021.1-py3.7.egg (from pandas>=0.23->seaborn) (2021.1)
Requirement already satisfied: six>=1.5 in /appl/python/3.7.11/lib/python3.7/site-packages (from python-dateutil>=2.7->matplotlib>=2.2->seaborn) (1.16.0)
Defaulting to user installation because normal site-packages is not writeable
Looking in indexes: https://pypi.org/simple, https://download.pytorch.org/whl/cu113
Requirement already satisfied: torch in /zhome/4c/8/164840/.local/lib/python3.7/site-packages (1.11.0+cu113)
Requirement already satisfied: torchvision in /zhome/4c/8/164840/.local/lib/python3.7/site-packages (0.12.0+cu113)
Requirement already satisfied: torchaudio in /zhome/4c/8/164840/.local/lib/python3.7/site-packages (0.11.0+cu113)
Requirement already satisfied: typing-extensions in /appl/python/3.7.11/lib/python3.7/site-packages (from torch) (3.10.0.0)
Requirement already satisfied: numpy in /appl/numpy/1.21.1-python-3.7.11-openblas-0.3.17/lib/python3.7/site-packages/numpy-1.21.1-py3.7-linux-x86_64.egg (from torchvision) (1.21.1)
Requirement already satisfied: requests in /zhome/4c/8/164840/.local/lib/python3.7/site-packages (from torchvision) (2.27.1)
Requirement already satisfied: pillow!=8.3.*,>=5.3.0 in /zhome/4c/8/164840/.local/lib/python3.7/site-packages (from torchvision) (9.1.0)
Requirement already satisfied: certifi>=2017.4.17 in /zhome/4c/8/164840/.local/lib/python3.7/site-packages (from requests->torchvision) (2021.10.8)
Requirement already satisfied: charset-normalizer~=2.0.0 in /zhome/4c/8/164840/.local/lib/python3.7/site-packages (from requests->torchvision) (2.0.12)
Requirement already satisfied: idna<4,>=2.5 in /zhome/4c/8/164840/.local/lib/python3.7/site-packages (from requests->torchvision) (3.3)
Requirement already satisfied: urllib3<1.27,>=1.21.1 in /zhome/4c/8/164840/.local/lib/python3.7/site-packages (from requests->torchvision) (1.26.9)
Defaulting to user installation because normal site-packages is not writeable
Defaulting to user installation because normal site-packages is not writeable
Requirement already satisfied: joblib in /zhome/4c/8/164840/.local/lib/python3.7/site-packages (1.1.0)
Defaulting to user installation because normal site-packages is not writeable
Requirement already satisfied: scikit-learn in /zhome/4c/8/164840/.local/lib/python3.7/site-packages (1.0.2)
Requirement already satisfied: numpy>=1.14.6 in /appl/numpy/1.21.1-python-3.7.11-openblas-0.3.17/lib/python3.7/site-packages/numpy-1.21.1-py3.7-linux-x86_64.egg (from scikit-learn) (1.21.1)
Requirement already satisfied: scipy>=1.1.0 in /zhome/4c/8/164840/.local/lib/python3.7/site-packages (from scikit-learn) (1.7.3)
Requirement already satisfied: threadpoolctl>=2.0.0 in /zhome/4c/8/164840/.local/lib/python3.7/site-packages (from scikit-learn) (3.1.0)
Requirement already satisfied: joblib>=0.11 in /zhome/4c/8/164840/.local/lib/python3.7/site-packages (from scikit-learn) (1.1.0)
Defaulting to user installation because normal site-packages is not writeable
Requirement already satisfied: logomaker in /zhome/4c/8/164840/.local/lib/python3.7/site-packages (0.8)
Requirement already satisfied: pandas in /appl/pandas/1.3.1-numpy-1.21.1-python-3.7.11/lib/python3.7/site-packages/pandas-1.3.1-py3.7-linux-x86_64.egg (from logomaker) (1.3.1)
Requirement already satisfied: numpy in /appl/numpy/1.21.1-python-3.7.11-openblas-0.3.17/lib/python3.7/site-packages/numpy-1.21.1-py3.7-linux-x86_64.egg (from logomaker) (1.21.1)
Requirement already satisfied: matplotlib in /zhome/4c/8/164840/.local/lib/python3.7/site-packages (from logomaker) (3.5.1)
Requirement already satisfied: kiwisolver>=1.0.1 in /zhome/4c/8/164840/.local/lib/python3.7/site-packages (from matplotlib->logomaker) (1.4.2)
Requirement already satisfied: fonttools>=4.22.0 in /zhome/4c/8/164840/.local/lib/python3.7/site-packages (from matplotlib->logomaker) (4.33.3)
Requirement already satisfied: packaging>=20.0 in /zhome/4c/8/164840/.local/lib/python3.7/site-packages (from matplotlib->logomaker) (21.3)
Requirement already satisfied: cycler>=0.10 in /zhome/4c/8/164840/.local/lib/python3.7/site-packages (from matplotlib->logomaker) (0.11.0)
Requirement already satisfied: pillow>=6.2.0 in /zhome/4c/8/164840/.local/lib/python3.7/site-packages (from matplotlib->logomaker) (9.1.0)
Requirement already satisfied: python-dateutil>=2.7 in /appl/pandas/1.3.1-numpy-1.21.1-python-3.7.11/lib/python3.7/site-packages/python_dateutil-2.8.2-py3.7.egg (from matplotlib->logomaker) (2.8.2)
Requirement already satisfied: pyparsing>=2.2.1 in /zhome/4c/8/164840/.local/lib/python3.7/site-packages (from matplotlib->logomaker) (3.0.8)
Requirement already satisfied: typing-extensions in /appl/python/3.7.11/lib/python3.7/site-packages (from kiwisolver>=1.0.1->matplotlib->logomaker) (3.10.0.0)
Requirement already satisfied: six>=1.5 in /appl/python/3.7.11/lib/python3.7/site-packages (from python-dateutil>=2.7->matplotlib->logomaker) (1.16.0)
Requirement already satisfied: pytz>=2017.3 in /appl/pandas/1.3.1-numpy-1.21.1-python-3.7.11/lib/python3.7/site-packages/pytz-2021.1-py3.7.egg (from pandas->logomaker) (2021.1)

------------------------------------------------------------
Sender: LSF System <lsfadmin@hpc.dtu.dk>
Subject: Job 13717509: <train> in cluster <dcc> Done

Job <train> was submitted from host <gbarlogin1> by user <s212697> in cluster <dcc> at Fri Jun 17 17:58:15 2022
Job was executed on host(s) <4*n-62-11-49>, in queue <cabgpu>, as user <s212697> in cluster <dcc> at Fri Jun 17 17:58:16 2022
</zhome/4c/8/164840> was used as the home directory.
</zhome/4c/8/164840/projects/gibbs_sampler/HPC> was used as the working directory.
Started at Fri Jun 17 17:58:16 2022
Terminated at Sat Jun 18 00:21:10 2022
Results reported at Sat Jun 18 00:21:10 2022

Your job looked like:

------------------------------------------------------------
# LSBATCH: User input
#!/bin/sh

### -- set the job Name --
#BSUB -J train
### -- ask for number of cores (default: 1) --
#BSUB -n 4
#BSUB -R "span[hosts=1]"
### -- specify queue -- voltash cabgpu gpuv100
#BSUB -q cabgpu
### -- set walltime limit: hh:mm --
#BSUB -W 120:00
### -- Select the resources: 1 gpu in exclusive process mode --:mode=exclusive_process
#BSUB -gpu "num=1:mode=exclusive_process"
## --- select a GPU with 32gb----
#BSUB -R "select[gpu40gb]"
### -- specify that we need 3GB of memory per core/slot --
#BSUB -R "rusage[mem=64GB]"
### -- Specify the output and error file. %J is the job-id --
### -- -o and -e mean append, -oo and -eo mean overwrite --
#BSUB -o train.out
#BSUB -e train.err

# here follow the commands you want to execute

# submit with bsub < submit.sh
>train.out
>train.err

cd ~/projects/gibbs_sampler/scripts
module load cuda/11.3
module load python3/3.7.11
module load pandas/1.3.1-python-3.7.11
module load numpy/1.21.1-python-3.7.11-openblas-0.3.17

pip install --upgrade pip
pip install  networkx
pip install --user matplotlib
pip install seaborn
pip3 install torch torchvision torchaudio --extra-index-url https://download.pytorch.org/whl/cu113
pip install subprocess
pip install joblib
pip install scikit-learn
pip install logomaker

python3 /zhome/4c/8/164840/projects/gibbs_sampler/scripts/04_cross_validation.py -a DRB -m seq_weight
python3 /zhome/4c/8/164840/projects/gibbs_sampler/scripts/04_cross_validation.py -a I -m seq_weight
python3 /zhome/4c/8/164840/projects/gibbs_sampler/scripts/04_cross_validation.py -a DRB -m hobohm1
python3 /zhome/4c/8/164840/projects/gibbs_sampler/scripts/04_cross_validation.py -a I -m hobohm1
python3 /zhome/4c/8/164840/projects/gibbs_sampler/scripts/04_cross_validation.py -a DRB -m hobohm2
python3 /zhome/4c/8/164840/projects/gibbs_sampler/scripts/04_cross_validation.py -a I -m hobohm2
------------------------------------------------------------

Successfully completed.

Resource usage summary:

    CPU time :                                   89256.00 sec.
    Max Memory :                                 494 MB
    Average Memory :                             327.79 MB
    Total Requested Memory :                     262144.00 MB
    Delta Memory :                               261650.00 MB
    Max Swap :                                   -
    Max Processes :                              21
    Max Threads :                                24
    Run time :                                   22976 sec.
    Turnaround time :                            22975 sec.

The output (if any) is above this job summary.



PS:

Read file <train.err> for stderr output of this job.

